SnapMV/app/build/outputs/logs/manifest-merger-debug-report.txt
-- Merging decision tree log ---
manifest
ADDED from src/main/AndroidManifest.xml:2:1-67:12
	package
		ADDED from src/main/AndroidManifest.xml:3:5-33
		INJECTED from src/main/AndroidManifest.xml
		INJECTED from src/main/AndroidManifest.xml
	android:versionName
		ADDED from src/main/AndroidManifest.xml:5:5-30
		INJECTED from src/main/AndroidManifest.xml
		INJECTED from src/main/AndroidManifest.xml
	android:versionCode
		ADDED from src/main/AndroidManifest.xml:4:5-28
		INJECTED from src/main/AndroidManifest.xml
		INJECTED from src/main/AndroidManifest.xml
	xmlns:android
		ADDED from src/main/AndroidManifest.xml:2:11-69
uses-sdk
ADDED from src/main/AndroidManifest.xml:7:5-9:41
	android:targetSdkVersion
		ADDED from src/main/AndroidManifest.xml:9:9-38
		INJECTED from src/main/AndroidManifest.xml
		INJECTED from src/main/AndroidManifest.xml
	android:minSdkVersion
		ADDED from src/main/AndroidManifest.xml:8:9-35
		INJECTED from src/main/AndroidManifest.xml
		INJECTED from src/main/AndroidManifest.xml
uses-permission#android.permission.WRITE_EXTERNAL_STORAGE
ADDED from src/main/AndroidManifest.xml:11:5-81
	android:name
		ADDED from src/main/AndroidManifest.xml:11:22-78
uses-permission#android.permission.READ_EXTERNAL_STORAGE
ADDED from src/main/AndroidManifest.xml:12:5-80
	android:name
		ADDED from src/main/AndroidManifest.xml:12:22-77
uses-permission#android.permission.CAMERA
ADDED from src/main/AndroidManifest.xml:13:5-64
	android:name
		ADDED from src/main/AndroidManifest.xml:13:22-62
uses-permission#android.permission.RECORD_AUDIO
ADDED from src/main/AndroidManifest.xml:14:5-70
	android:name
		ADDED from src/main/AndroidManifest.xml:14:22-68
uses-feature#android.hardware.camera
ADDED from src/main/AndroidManifest.xml:15:2-57
	android:name
		ADDED from src/main/AndroidManifest.xml:15:16-54
uses-permission#android.permission.CHANGE_CONFIGURATION
ADDED from src/main/AndroidManifest.xml:16:2-75
	android:name
		ADDED from src/main/AndroidManifest.xml:16:19-73
application
ADDED from src/main/AndroidManifest.xml:17:5-65:19
	android:label
		ADDED from src/main/AndroidManifest.xml:20:9-41
	android:allowBackup
		ADDED from src/main/AndroidManifest.xml:18:9-35
	android:icon
		ADDED from src/main/AndroidManifest.xml:19:9-41
	android:theme
		ADDED from src/main/AndroidManifest.xml:21:9-40
activity#com.sosohan.snapmv.MainActivity
ADDED from src/main/AndroidManifest.xml:22:9-32:20
	android:screenOrientation
		ADDED from src/main/AndroidManifest.xml:25:13-49
	android:label
		ADDED from src/main/AndroidManifest.xml:24:13-45
	android:theme
		ADDED from src/main/AndroidManifest.xml:26:13-71
	android:name
		ADDED from src/main/AndroidManifest.xml:23:13-59
intent-filter#android.intent.action.MAIN+android.intent.category.LAUNCHER
ADDED from src/main/AndroidManifest.xml:27:13-31:29
action#android.intent.action.MAIN
ADDED from src/main/AndroidManifest.xml:28:17-69
	android:name
		ADDED from src/main/AndroidManifest.xml:28:25-66
category#android.intent.category.LAUNCHER
ADDED from src/main/AndroidManifest.xml:30:17-77
	android:name
		ADDED from src/main/AndroidManifest.xml:30:27-74
activity#com.sosohan.snapmv.RecordVideoActivity
ADDED from src/main/AndroidManifest.xml:33:9-38:20
	android:screenOrientation
		ADDED from src/main/AndroidManifest.xml:36:13-49
	android:label
		ADDED from src/main/AndroidManifest.xml:35:13-65
	android:theme
		ADDED from src/main/AndroidManifest.xml:37:13-71
	android:name
		ADDED from src/main/AndroidManifest.xml:34:13-66
activity#com.sosohan.snapmv.SelectBgmActivity
ADDED from src/main/AndroidManifest.xml:39:9-43:20
	android:label
		ADDED from src/main/AndroidManifest.xml:41:13-60
	android:theme
		ADDED from src/main/AndroidManifest.xml:42:13-71
	android:name
		ADDED from src/main/AndroidManifest.xml:40:13-64
activity#com.sosohan.snapmv.PreviewActivity
ADDED from src/main/AndroidManifest.xml:44:9-48:20
	android:label
		ADDED from src/main/AndroidManifest.xml:46:13-59
	android:theme
		ADDED from src/main/AndroidManifest.xml:47:13-71
	android:name
		ADDED from src/main/AndroidManifest.xml:45:13-62
activity#com.sosohan.snapmv.MakeMVActivity
ADDED from src/main/AndroidManifest.xml:49:9-52:20
	android:label
		ADDED from src/main/AndroidManifest.xml:51:13-59
	android:name
		ADDED from src/main/AndroidManifest.xml:50:13-61
activity#com.sosohan.snapmv.SettingsActivity
ADDED from src/main/AndroidManifest.xml:53:9-57:20
	android:label
		ADDED from src/main/AndroidManifest.xml:55:13-60
	android:theme
		ADDED from src/main/AndroidManifest.xml:56:13-71
	android:name
		ADDED from src/main/AndroidManifest.xml:54:13-63
activity#com.sosohan.snapmv.CameraActivity
ADDED from src/main/AndroidManifest.xml:58:9-64:20
	android:screenOrientation
		ADDED from src/main/AndroidManifest.xml:61:13-50
	android:label
		ADDED from src/main/AndroidManifest.xml:60:13-58
	android:configChanges
		ADDED from src/main/AndroidManifest.xml:62:13-59
	android:theme
		ADDED from src/main/AndroidManifest.xml:63:13-71
	android:name
		ADDED from src/main/AndroidManifest.xml:59:13-61